# JRE version: OpenJDK Runtime Environment Temurin-21.0.10+7 (21.0.10+7) (build 21.0.10+7-LTS)
# Java VM: OpenJDK 64-Bit Server VM Temurin-21.0.10+7 (21.0.10+7-LTS, mixed mode, sharing, tiered, compressed oops, compressed class ptrs, parallel gc, windows-amd64)
GC Precious Log:
 CardTable entry size: 512
 CPUs: 28 total, 28 available
 Memory: 32496M
 Large Page Support: Disabled
 NUMA Support: Disabled
 Compressed Oops: Enabled (32-bit)
 Alignments: Space 512K, Generation 512K, Heap 2M
 Heap Min Capacity: 100M
 Heap Initial Capacity: 100M
 Heap Max Capacity: 2G
 Pre-touch: Disabled
 Parallel Workers: 20
Heap:
 PSYoungGen      total 2560K, used 2171K [0x00000000d5580000, 0x00000000d5980000, 0x0000000100000000)
  eden space 1536K, 99% used [0x00000000d5580000,0x00000000d56fffd0,0x00000000d5700000)
  from space 1024K, 62% used [0x00000000d5880000,0x00000000d591ed50,0x00000000d5980000)
  to   space 1024K, 78% used [0x00000000d5780000,0x00000000d5848010,0x00000000d5880000)
 ParOldGen       total 238080K, used 237595K [0x0000000080000000, 0x000000008e880000, 0x00000000d5580000)
  object space 238080K, 99% used [0x0000000080000000,0x000000008e806e00,0x000000008e880000)
 Metaspace       used 78239K, committed 79936K, reserved 1179648K
  class space    used 8218K, committed 8960K, reserved 1048576K
GC Heap History (20 events):
Event: 17.766 GC heap before
{Heap before GC invocations=323 (full 3):
 PSYoungGen      total 2560K, used 2336K [0x00000000d5580000, 0x00000000d5980000, 0x0000000100000000)
  eden space 1536K, 100% used [0x00000000d5580000,0x00000000d5700000,0x00000000d5700000)
  from space 1024K, 78% used [0x00000000d5700000,0x00000000d57c8000,0x00000000d5800000)
  to   space 1024K, 0% used [0x00000000d5880000,0x00000000d5880000,0x00000000d5980000)
 ParOldGen       total 231936K, used 231116K [0x0000000080000000, 0x000000008e280000, 0x00000000d5580000)
  object space 231936K, 99% used [0x0000000080000000,0x000000008e1b3278,0x000000008e280000)
 Metaspace       used 78099K, committed 79808K, reserved 1179648K
  class space    used 8212K, committed 8960K, reserved 1048576K
}
Event: 17.768 GC heap after
{Heap after GC invocations=323 (full 3):
 PSYoungGen      total 3072K, used 694K [0x00000000d5580000, 0x00000000d5980000, 0x0000000100000000)
  eden space 2048K, 0% used [0x00000000d5580000,0x00000000d5580000,0x00000000d5780000)
  from space 1024K, 67% used [0x00000000d5880000,0x00000000d592d8c8,0x00000000d5980000)
  to   space 1024K, 0% used [0x00000000d5780000,0x00000000d5780000,0x00000000d5880000)
 ParOldGen       total 231936K, used 231649K [0x0000000080000000, 0x000000008e280000, 0x00000000d5580000)
  object space 231936K, 99% used [0x0000000080000000,0x000000008e238408,0x000000008e280000)
 Metaspace       used 78099K, committed 79808K, reserved 1179648K
  class space    used 8212K, committed 8960K, reserved 1048576K
}
Event: 17.777 GC heap before
{Heap before GC invocations=324 (full 3):
 PSYoungGen      total 3072K, used 2742K [0x00000000d5580000, 0x00000000d5980000, 0x0000000100000000)
  eden space 2048K, 100% used [0x00000000d5580000,0x00000000d5780000,0x00000000d5780000)
  from space 1024K, 67% used [0x00000000d5880000,0x00000000d592d8c8,0x00000000d5980000)
  to   space 1024K, 0% used [0x00000000d5780000,0x00000000d5780000,0x00000000d5880000)
 ParOldGen       total 231936K, used 231649K [0x0000000080000000, 0x000000008e280000, 0x00000000d5580000)
  object space 231936K, 99% used [0x0000000080000000,0x000000008e238408,0x000000008e280000)
 Metaspace       used 78122K, committed 79808K, reserved 1179648K
  class space    used 8218K, committed 8960K, reserved 1048576K
}
Event: 17.780 GC heap after
{Heap after GC invocations=324 (full 3):
 PSYoungGen      total 3072K, used 608K [0x00000000d5580000, 0x00000000d5a00000, 0x0000000100000000)
  eden space 2048K, 0% used [0x00000000d5580000,0x00000000d5580000,0x00000000d5780000)
  from space 1024K, 59% used [0x00000000d5780000,0x00000000d5818000,0x00000000d5880000)
  to   space 1024K, 0% used [0x00000000d5900000,0x00000000d5900000,0x00000000d5a00000)
 ParOldGen       total 233472K, used 233175K [0x0000000080000000, 0x000000008e400000, 0x00000000d5580000)
  object space 233472K, 99% used [0x0000000080000000,0x000000008e3b5ce0,0x000000008e400000)
 Metaspace       used 78122K, committed 79808K, reserved 1179648K
  class space    used 8218K, committed 8960K, reserved 1048576K
}
Event: 17.786 GC heap before
{Heap before GC invocations=325 (full 3):
 PSYoungGen      total 3072K, used 2656K [0x00000000d5580000, 0x00000000d5a00000, 0x0000000100000000)
  eden space 2048K, 100% used [0x00000000d5580000,0x00000000d5780000,0x00000000d5780000)
  from space 1024K, 59% used [0x00000000d5780000,0x00000000d5818000,0x00000000d5880000)
  to   space 1024K, 0% used [0x00000000d5900000,0x00000000d5900000,0x00000000d5a00000)
 ParOldGen       total 233472K, used 233175K [0x0000000080000000, 0x000000008e400000, 0x00000000d5580000)
  object space 233472K, 99% used [0x0000000080000000,0x000000008e3b5ce0,0x000000008e400000)
 Metaspace       used 78124K, committed 79808K, reserved 1179648K
  class space    used 8218K, committed 8960K, reserved 1048576K
}
Event: 17.788 GC heap after
{Heap after GC invocations=325 (full 3):
 PSYoungGen      total 2560K, used 1024K [0x00000000d5580000, 0x00000000d5c00000, 0x0000000100000000)
  eden space 1536K, 0% used [0x00000000d5580000,0x00000000d5580000,0x00000000d5700000)
  from space 1024K, 100% used [0x00000000d5900000,0x00000000d5a00000,0x00000000d5a00000)
  to   space 2048K, 0% used [0x00000000d5700000,0x00000000d5700000,0x00000000d5900000)
 ParOldGen       total 233984K, used 233575K [0x0000000080000000, 0x000000008e480000, 0x00000000d5580000)
  object space 233984K, 99% used [0x0000000080000000,0x000000008e419ce0,0x000000008e480000)
 Metaspace       used 78124K, committed 79808K, reserved 1179648K
  class space    used 8218K, committed 8960K, reserved 1048576K
}
Event: 17.792 GC heap before
{Heap before GC invocations=326 (full 3):
 PSYoungGen      total 2560K, used 2560K [0x00000000d5580000, 0x00000000d5c00000, 0x0000000100000000)
  eden space 1536K, 100% used [0x00000000d5580000,0x00000000d5700000,0x00000000d5700000)
  from space 1024K, 100% used [0x00000000d5900000,0x00000000d5a00000,0x00000000d5a00000)
  to   space 2048K, 0% used [0x00000000d5700000,0x00000000d5700000,0x00000000d5900000)
 ParOldGen       total 233984K, used 233575K [0x0000000080000000, 0x000000008e480000, 0x00000000d5580000)
  object space 233984K, 99% used [0x0000000080000000,0x000000008e419ce0,0x000000008e480000)
 Metaspace       used 78124K, committed 79808K, reserved 1179648K
  class space    used 8218K, committed 8960K, reserved 1048576K
}
Event: 17.794 GC heap after
{Heap after GC invocations=326 (full 3):
 PSYoungGen      total 3584K, used 832K [0x00000000d5580000, 0x00000000d5a80000, 0x0000000100000000)
  eden space 1536K, 0% used [0x00000000d5580000,0x00000000d5580000,0x00000000d5700000)
  from space 2048K, 40% used [0x00000000d5700000,0x00000000d57d0000,0x00000000d5900000)
  to   space 1536K, 0% used [0x00000000d5900000,0x00000000d5900000,0x00000000d5a80000)
 ParOldGen       total 234496K, used 234407K [0x0000000080000000, 0x000000008e500000, 0x00000000d5580000)
  object space 234496K, 99% used [0x0000000080000000,0x000000008e4e9ce0,0x000000008e500000)
 Metaspace       used 78124K, committed 79808K, reserved 1179648K
  class space    used 8218K, committed 8960K, reserved 1048576K
}
Event: 17.829 GC heap before
{Heap before GC invocations=327 (full 3):
 PSYoungGen      total 3584K, used 2368K [0x00000000d5580000, 0x00000000d5a80000, 0x0000000100000000)
  eden space 1536K, 100% used [0x00000000d5580000,0x00000000d5700000,0x00000000d5700000)
  from space 2048K, 40% used [0x00000000d5700000,0x00000000d57d0000,0x00000000d5900000)
  to   space 1536K, 0% used [0x00000000d5900000,0x00000000d5900000,0x00000000d5a80000)
 ParOldGen       total 234496K, used 234407K [0x0000000080000000, 0x000000008e500000, 0x00000000d5580000)
  object space 234496K, 99% used [0x0000000080000000,0x000000008e4e9ce0,0x000000008e500000)
 Metaspace       used 78125K, committed 79808K, reserved 1179648K
  class space    used 8218K, committed 8960K, reserved 1048576K
}
Event: 17.830 GC heap after
{Heap after GC invocations=327 (full 3):
 PSYoungGen      total 2560K, used 896K [0x00000000d5580000, 0x00000000d5a00000, 0x0000000100000000)
  eden space 1536K, 0% used [0x00000000d5580000,0x00000000d5580000,0x00000000d5700000)
  from space 1024K, 87% used [0x00000000d5900000,0x00000000d59e0000,0x00000000d5a00000)
  to   space 1024K, 0% used [0x00000000d5800000,0x00000000d5800000,0x00000000d5900000)
 ParOldGen       total 235520K, used 235047K [0x0000000080000000, 0x000000008e600000, 0x00000000d5580000)
  object space 235520K, 99% used [0x0000000080000000,0x000000008e589ce0,0x000000008e600000)
 Metaspace       used 78125K, committed 79808K, reserved 1179648K
  class space    used 8218K, committed 8960K, reserved 1048576K
}
Event: 17.844 GC heap before
{Heap before GC invocations=328 (full 3):
 PSYoungGen      total 2560K, used 2431K [0x00000000d5580000, 0x00000000d5a00000, 0x0000000100000000)
  eden space 1536K, 99% used [0x00000000d5580000,0x00000000d56ffff0,0x00000000d5700000)
  from space 1024K, 87% used [0x00000000d5900000,0x00000000d59e0000,0x00000000d5a00000)
  to   space 1024K, 0% used [0x00000000d5800000,0x00000000d5800000,0x00000000d5900000)
 ParOldGen       total 235520K, used 235047K [0x0000000080000000, 0x000000008e600000, 0x00000000d5580000)
  object space 235520K, 99% used [0x0000000080000000,0x000000008e589ce0,0x000000008e600000)
 Metaspace       used 78135K, committed 79808K, reserved 1179648K
  class space    used 8218K, committed 8960K, reserved 1048576K
}
Event: 17.846 GC heap after
{Heap after GC invocations=328 (full 3):
 PSYoungGen      total 2560K, used 544K [0x00000000d5580000, 0x00000000d5980000, 0x0000000100000000)
  eden space 1536K, 0% used [0x00000000d5580000,0x00000000d5580000,0x00000000d5700000)
  from space 1024K, 53% used [0x00000000d5800000,0x00000000d5888000,0x00000000d5900000)
  to   space 512K, 0% used [0x00000000d5900000,0x00000000d5900000,0x00000000d5980000)
 ParOldGen       total 236032K, used 235687K [0x0000000080000000, 0x000000008e680000, 0x00000000d5580000)
  object space 236032K, 99% used [0x0000000080000000,0x000000008e629ce0,0x000000008e680000)
 Metaspace       used 78135K, committed 79808K, reserved 1179648K
  class space    used 8218K, committed 8960K, reserved 1048576K
}
Event: 17.858 GC heap before
{Heap before GC invocations=329 (full 3):
 PSYoungGen      total 2560K, used 2078K [0x00000000d5580000, 0x00000000d5980000, 0x0000000100000000)
  eden space 1536K, 99% used [0x00000000d5580000,0x00000000d56ffb68,0x00000000d5700000)
  from space 1024K, 53% used [0x00000000d5800000,0x00000000d5888000,0x00000000d5900000)
  to   space 512K, 0% used [0x00000000d5900000,0x00000000d5900000,0x00000000d5980000)
 ParOldGen       total 236032K, used 235687K [0x0000000080000000, 0x000000008e680000, 0x00000000d5580000)
  object space 236032K, 99% used [0x0000000080000000,0x000000008e629ce0,0x000000008e680000)
 Metaspace       used 78136K, committed 79808K, reserved 1179648K
  class space    used 8218K, committed 8960K, reserved 1048576K
}
Event: 17.860 GC heap after
{Heap after GC invocations=329 (full 3):
 PSYoungGen      total 2048K, used 448K [0x00000000d5580000, 0x00000000d5980000, 0x0000000100000000)
  eden space 1536K, 0% used [0x00000000d5580000,0x00000000d5580000,0x00000000d5700000)
  from space 512K, 87% used [0x00000000d5900000,0x00000000d5970000,0x00000000d5980000)
  to   space 512K, 0% used [0x00000000d5880000,0x00000000d5880000,0x00000000d5900000)
 ParOldGen       total 236544K, used 236068K [0x0000000080000000, 0x000000008e700000, 0x00000000d5580000)
  object space 236544K, 99% used [0x0000000080000000,0x000000008e6892c8,0x000000008e700000)
 Metaspace       used 78136K, committed 79808K, reserved 1179648K
  class space    used 8218K, committed 8960K, reserved 1048576K
}
Event: 17.881 GC heap before
{Heap before GC invocations=330 (full 3):
 PSYoungGen      total 2048K, used 1984K [0x00000000d5580000, 0x00000000d5980000, 0x0000000100000000)
  eden space 1536K, 100% used [0x00000000d5580000,0x00000000d5700000,0x00000000d5700000)
  from space 512K, 87% used [0x00000000d5900000,0x00000000d5970000,0x00000000d5980000)
  to   space 512K, 0% used [0x00000000d5880000,0x00000000d5880000,0x00000000d5900000)
 ParOldGen       total 236544K, used 236068K [0x0000000080000000, 0x000000008e700000, 0x00000000d5580000)
  object space 236544K, 99% used [0x0000000080000000,0x000000008e6892c8,0x000000008e700000)
 Metaspace       used 78136K, committed 79808K, reserved 1179648K
  class space    used 8218K, committed 8960K, reserved 1048576K
}
Event: 17.882 GC heap after
{Heap after GC invocations=330 (full 3):
 PSYoungGen      total 2048K, used 512K [0x00000000d5580000, 0x00000000d5980000, 0x0000000100000000)
  eden space 1536K, 0% used [0x00000000d5580000,0x00000000d5580000,0x00000000d5700000)
  from space 512K, 100% used [0x00000000d5880000,0x00000000d5900000,0x00000000d5900000)
  to   space 512K, 0% used [0x00000000d5900000,0x00000000d5900000,0x00000000d5980000)
 ParOldGen       total 236544K, used 236235K [0x0000000080000000, 0x000000008e700000, 0x00000000d5580000)
  object space 236544K, 99% used [0x0000000080000000,0x000000008e6b2c30,0x000000008e700000)
 Metaspace       used 78136K, committed 79808K, reserved 1179648K
  class space    used 8218K, committed 8960K, reserved 1048576K
}
Event: 17.911 GC heap before
{Heap before GC invocations=331 (full 3):
 PSYoungGen      total 2048K, used 2048K [0x00000000d5580000, 0x00000000d5980000, 0x0000000100000000)
  eden space 1536K, 100% used [0x00000000d5580000,0x00000000d5700000,0x00000000d5700000)
  from space 512K, 100% used [0x00000000d5880000,0x00000000d5900000,0x00000000d5900000)
  to   space 512K, 0% used [0x00000000d5900000,0x00000000d5900000,0x00000000d5980000)
 ParOldGen       total 236544K, used 236235K [0x0000000080000000, 0x000000008e700000, 0x00000000d5580000)
  object space 236544K, 99% used [0x0000000080000000,0x000000008e6b2c30,0x000000008e700000)
 Metaspace       used 78147K, committed 79808K, reserved 1179648K
  class space    used 8218K, committed 8960K, reserved 1048576K
}
Event: 17.911 GC heap after
{Heap after GC invocations=331 (full 3):
 PSYoungGen      total 2048K, used 512K [0x00000000d5580000, 0x00000000d5980000, 0x0000000100000000)
  eden space 1536K, 0% used [0x00000000d5580000,0x00000000d5580000,0x00000000d5700000)
  from space 512K, 100% used [0x00000000d5900000,0x00000000d5980000,0x00000000d5980000)
  to   space 1024K, 0% used [0x00000000d5780000,0x00000000d5780000,0x00000000d5880000)
 ParOldGen       total 236544K, used 236539K [0x0000000080000000, 0x000000008e700000, 0x00000000d5580000)
  object space 236544K, 99% used [0x0000000080000000,0x000000008e6fee80,0x000000008e700000)
 Metaspace       used 78147K, committed 79808K, reserved 1179648K
  class space    used 8218K, committed 8960K, reserved 1048576K
}
Event: 17.923 GC heap before
{Heap before GC invocations=332 (full 3):
 PSYoungGen      total 2048K, used 2048K [0x00000000d5580000, 0x00000000d5980000, 0x0000000100000000)
  eden space 1536K, 100% used [0x00000000d5580000,0x00000000d5700000,0x00000000d5700000)
  from space 512K, 100% used [0x00000000d5900000,0x00000000d5980000,0x00000000d5980000)
  to   space 1024K, 0% used [0x00000000d5780000,0x00000000d5780000,0x00000000d5880000)
 ParOldGen       total 236544K, used 236539K [0x0000000080000000, 0x000000008e700000, 0x00000000d5580000)
  object space 236544K, 99% used [0x0000000080000000,0x000000008e6fee80,0x000000008e700000)
 Metaspace       used 78149K, committed 79808K, reserved 1179648K
  class space    used 8218K, committed 8960K, reserved 1048576K
}
Event: 17.924 GC heap after
{Heap after GC invocations=332 (full 3):
 PSYoungGen      total 2560K, used 704K [0x00000000d5580000, 0x00000000d5980000, 0x0000000100000000)
  eden space 1536K, 0% used [0x00000000d5580000,0x00000000d5580000,0x00000000d5700000)
  from space 1024K, 68% used [0x00000000d5780000,0x00000000d5830000,0x00000000d5880000)
  to   space 1024K, 0% used [0x00000000d5880000,0x00000000d5880000,0x00000000d5980000)
 ParOldGen       total 237056K, used 236874K [0x0000000080000000, 0x000000008e780000, 0x00000000d5580000)
  object space 237056K, 99% used [0x0000000080000000,0x000000008e7529f0,0x000000008e780000)
 Metaspace       used 78149K, committed 79808K, reserved 1179648K
  class space    used 8218K, committed 8960K, reserved 1048576K
}

